  CompGraphics.cpp
C:\Users\gruni\source\repos\Computer Graphic\Computer Graphic\Roborabbit.h(55,1): warning C4267: инициализация: преобразование из "size_t" в "int"; возможна потеря данных
C:\Users\gruni\source\repos\Computer Graphic\Computer Graphic\ControlRoboRabbit.h(38,58): warning C4244: аргумент: преобразование "double" в "T", возможна потеря данных
          with
          [
              T=float
          ]
C:\Users\gruni\source\repos\Computer Graphic\Computer Graphic\ControlRoboRabbit.h(38,43): warning C4244: аргумент: преобразование "double" в "T", возможна потеря данных
          with
          [
              T=float
          ]
C:\Users\gruni\source\repos\Computer Graphic\Computer Graphic\ControlRoboRabbit.h(39,60): warning C4244: аргумент: преобразование "double" в "T", возможна потеря данных
          with
          [
              T=float
          ]
C:\Users\gruni\source\repos\Computer Graphic\Computer Graphic\ControlRoboRabbit.h(39,44): warning C4244: аргумент: преобразование "double" в "T", возможна потеря данных
          with
          [
              T=float
          ]
C:\Users\gruni\source\repos\Computer Graphic\Computer Graphic\ControlRoboRabbit.h(40,58): warning C4244: аргумент: преобразование "double" в "T", возможна потеря данных
          with
          [
              T=float
          ]
C:\Users\gruni\source\repos\Computer Graphic\Computer Graphic\ControlRoboRabbit.h(40,43): warning C4244: аргумент: преобразование "double" в "T", возможна потеря данных
          with
          [
              T=float
          ]
C:\Users\gruni\source\repos\Computer Graphic\Computer Graphic\ControlRoboRabbit.h(41,58): warning C4244: аргумент: преобразование "double" в "T", возможна потеря данных
          with
          [
              T=float
          ]
C:\Users\gruni\source\repos\Computer Graphic\Computer Graphic\ControlRoboRabbit.h(41,43): warning C4244: аргумент: преобразование "double" в "T", возможна потеря данных
          with
          [
              T=float
          ]
C:\Users\gruni\source\repos\Computer Graphic\Computer Graphic\ControlRoboRabbit.h(62,14): warning C4244: аргумент: преобразование "double" в "const unsigned __int64", возможна потеря данных
C:\Users\gruni\source\repos\Computer Graphic\Computer Graphic\ControlRoboRabbit.h(62,18): warning C4244: аргумент: преобразование "double" в "const unsigned __int64", возможна потеря данных
C:\Users\gruni\source\repos\Computer Graphic\Computer Graphic\ControlRoboRabbit.h(63,36): warning C4244: аргумент: преобразование "double" в "const unsigned __int64", возможна потеря данных
C:\Users\gruni\source\repos\Computer Graphic\Computer Graphic\ControlRoboRabbit.h(63,40): warning C4244: аргумент: преобразование "double" в "const unsigned __int64", возможна потеря данных
C:\Users\gruni\source\repos\Computer Graphic\Computer Graphic\ControlRoboRabbit.h(64,16): warning C4244: аргумент: преобразование "double" в "const unsigned __int64", возможна потеря данных
C:\Users\gruni\source\repos\Computer Graphic\Computer Graphic\ControlRoboRabbit.h(64,20): warning C4244: аргумент: преобразование "double" в "const unsigned __int64", возможна потеря данных
C:\Users\gruni\source\repos\Computer Graphic\Computer Graphic\ControlRoboRabbit.h(65,16): warning C4244: аргумент: преобразование "double" в "const unsigned __int64", возможна потеря данных
C:\Users\gruni\source\repos\Computer Graphic\Computer Graphic\ControlRoboRabbit.h(65,20): warning C4244: аргумент: преобразование "double" в "const unsigned __int64", возможна потеря данных
C:\Users\gruni\source\repos\Computer Graphic\Computer Graphic\ControlRoboRabbit.h(65,37): warning C4244: аргумент: преобразование "double" в "const unsigned __int64", возможна потеря данных
C:\Users\gruni\source\repos\Computer Graphic\Computer Graphic\ControlRoboRabbit.h(65,41): warning C4244: аргумент: преобразование "double" в "const unsigned __int64", возможна потеря данных
C:\Users\gruni\source\repos\Computer Graphic\Computer Graphic\ControlRoboRabbit.h(21,20): warning C4101: g: неиспользованная локальная переменная
C:\Users\gruni\source\repos\Computer Graphic\Computer Graphic\ControlRoboRabbit.h(81,44): warning C4244: аргумент: преобразование "int" в "T", возможна потеря данных
          with
          [
              T=float
          ]
C:\Users\gruni\source\repos\Computer Graphic\Computer Graphic\ControlRoboRabbit.h(81,41): warning C4244: аргумент: преобразование "int" в "T", возможна потеря данных
          with
          [
              T=float
          ]
C:\Users\gruni\source\repos\Computer Graphic\Computer Graphic\ControlRoboRabbit.h(83,12): warning C4244: инициализация: преобразование "_Ty1" в "int", возможна потеря данных
          with
          [
              _Ty1=double
          ]
C:\Users\gruni\source\repos\Computer Graphic\Computer Graphic\ControlRoboRabbit.h(84,12): warning C4244: инициализация: преобразование "_Ty1" в "int", возможна потеря данных
          with
          [
              _Ty1=double
          ]
C:\Users\gruni\source\repos\Computer Graphic\Computer Graphic\ControlRoboRabbit.h(85,12): warning C4244: инициализация: преобразование "_Ty1" в "int", возможна потеря данных
          with
          [
              _Ty1=double
          ]
  Computer Graphic.vcxproj -> C:\Users\gruni\source\repos\Computer Graphic\x64\Debug\CompGraphics.exe
